running egg_info
writing ../../build/hyper_teleop/hyper_teleop.egg-info/PKG-INFO
writing dependency_links to ../../build/hyper_teleop/hyper_teleop.egg-info/dependency_links.txt
writing entry points to ../../build/hyper_teleop/hyper_teleop.egg-info/entry_points.txt
writing requirements to ../../build/hyper_teleop/hyper_teleop.egg-info/requires.txt
writing top-level names to ../../build/hyper_teleop/hyper_teleop.egg-info/top_level.txt
reading manifest file '../../build/hyper_teleop/hyper_teleop.egg-info/SOURCES.txt'
writing manifest file '../../build/hyper_teleop/hyper_teleop.egg-info/SOURCES.txt'
running build
running build_py
running install
running install_lib
running install_data
copying launch/hyper.launch.py -> /home/richi/hyper_teleop_ws/install/hyper_teleop/share/hyper_teleop/launch
running install_egg_info
removing '/home/richi/hyper_teleop_ws/install/hyper_teleop/lib/python3.10/site-packages/hyper_teleop-0.0.1-py3.10.egg-info' (and everything under it)
Copying ../../build/hyper_teleop/hyper_teleop.egg-info to /home/richi/hyper_teleop_ws/install/hyper_teleop/lib/python3.10/site-packages/hyper_teleop-0.0.1-py3.10.egg-info
running install_scripts
Installing bridge_sus script to /home/richi/hyper_teleop_ws/install/hyper_teleop/lib/hyper_teleop
Installing teleop_chimbo script to /home/richi/hyper_teleop_ws/install/hyper_teleop/lib/hyper_teleop
writing list of installed files to '/home/richi/hyper_teleop_ws/build/hyper_teleop/install.log'
