running egg_info
writing ../build/hyper_teleop/hyper_teleop.egg-info/PKG-INFO
writing dependency_links to ../build/hyper_teleop/hyper_teleop.egg-info/dependency_links.txt
writing entry points to ../build/hyper_teleop/hyper_teleop.egg-info/entry_points.txt
writing requirements to ../build/hyper_teleop/hyper_teleop.egg-info/requires.txt
writing top-level names to ../build/hyper_teleop/hyper_teleop.egg-info/top_level.txt
reading manifest file '../build/hyper_teleop/hyper_teleop.egg-info/SOURCES.txt'
writing manifest file '../build/hyper_teleop/hyper_teleop.egg-info/SOURCES.txt'
running build
running build_py
copying hyper_teleop/bridge_sus.py -> /home/richi/hyper_teleop_ws/src/build/hyper_teleop/build/lib/hyper_teleop
running install
running install_lib
copying /home/richi/hyper_teleop_ws/src/build/hyper_teleop/build/lib/hyper_teleop/bridge_sus.py -> /home/richi/hyper_teleop_ws/src/install/hyper_teleop/lib/python3.10/site-packages/hyper_teleop
byte-compiling /home/richi/hyper_teleop_ws/src/install/hyper_teleop/lib/python3.10/site-packages/hyper_teleop/bridge_sus.py to bridge_sus.cpython-310.pyc
running install_data
copying urdf/salvavidas.urdf -> /home/richi/hyper_teleop_ws/src/install/hyper_teleop/share/hyper_teleop/urdf
running install_egg_info
removing '/home/richi/hyper_teleop_ws/src/install/hyper_teleop/lib/python3.10/site-packages/hyper_teleop-0.0.1-py3.10.egg-info' (and everything under it)
Copying ../build/hyper_teleop/hyper_teleop.egg-info to /home/richi/hyper_teleop_ws/src/install/hyper_teleop/lib/python3.10/site-packages/hyper_teleop-0.0.1-py3.10.egg-info
running install_scripts
Installing bridge_sus script to /home/richi/hyper_teleop_ws/src/install/hyper_teleop/lib/hyper_teleop
Installing teleop_chimbo script to /home/richi/hyper_teleop_ws/src/install/hyper_teleop/lib/hyper_teleop
writing list of installed files to '/home/richi/hyper_teleop_ws/src/build/hyper_teleop/install.log'
