[0.243s] DEBUG:colcon:Command line arguments: ['/usr/bin/colcon', 'build']
[0.243s] DEBUG:colcon:Parsed command line arguments: Namespace(log_base=None, log_level=None, verb_name='build', build_base='build', install_base='install', merge_install=False, symlink_install=False, test_result_base=None, continue_on_error=False, executor='parallel', parallel_workers=12, event_handlers=None, ignore_user_meta=False, metas=['./colcon.meta'], base_paths=['.'], packages_ignore=None, packages_ignore_regex=None, paths=None, packages_up_to=None, packages_up_to_regex=None, packages_above=None, packages_above_and_dependencies=None, packages_above_depth=None, packages_select_by_dep=None, packages_skip_by_dep=None, packages_skip_up_to=None, packages_select_build_failed=False, packages_skip_build_finished=False, packages_select_test_failures=False, packages_skip_test_passed=False, packages_select=None, packages_skip=None, packages_select_regex=None, packages_skip_regex=None, packages_start=None, packages_end=None, allow_overriding=[], cmake_args=None, cmake_target=None, cmake_target_skip_unavailable=False, cmake_clean_cache=False, cmake_clean_first=False, cmake_force_configure=False, ament_cmake_args=None, catkin_cmake_args=None, catkin_skip_building_tests=False, verb_parser=<colcon_defaults.argument_parser.defaults.DefaultArgumentsDecorator object at 0x784ed94542e0>, verb_extension=<colcon_core.verb.build.BuildVerb object at 0x784ed941f970>, main=<bound method BuildVerb.main of <colcon_core.verb.build.BuildVerb object at 0x784ed941f970>>)
[0.501s] Level 1:colcon.colcon_core.package_discovery:discover_packages(colcon_meta) check parameters
[0.502s] Level 1:colcon.colcon_core.package_discovery:discover_packages(recursive) check parameters
[0.502s] Level 1:colcon.colcon_core.package_discovery:discover_packages(ignore) check parameters
[0.502s] Level 1:colcon.colcon_core.package_discovery:discover_packages(path) check parameters
[0.502s] Level 1:colcon.colcon_core.package_discovery:discover_packages(colcon_meta) discover
[0.502s] Level 1:colcon.colcon_core.package_discovery:discover_packages(recursive) discover
[0.502s] INFO:colcon.colcon_core.package_discovery:Crawling recursively for packages in '/home/richi/hyper_teleop_ws/src'
[0.502s] Level 1:colcon.colcon_core.package_identification:_identify(.) by extensions ['ignore', 'ignore_ament_install']
[0.502s] Level 1:colcon.colcon_core.package_identification:_identify(.) by extension 'ignore'
[0.502s] Level 1:colcon.colcon_core.package_identification:_identify(.) by extension 'ignore_ament_install'
[0.502s] Level 1:colcon.colcon_core.package_identification:_identify(.) by extensions ['colcon_pkg']
[0.502s] Level 1:colcon.colcon_core.package_identification:_identify(.) by extension 'colcon_pkg'
[0.502s] Level 1:colcon.colcon_core.package_identification:_identify(.) by extensions ['colcon_meta']
[0.502s] Level 1:colcon.colcon_core.package_identification:_identify(.) by extension 'colcon_meta'
[0.502s] Level 1:colcon.colcon_core.package_identification:_identify(.) by extensions ['ros']
[0.502s] Level 1:colcon.colcon_core.package_identification:_identify(.) by extension 'ros'
[0.515s] Level 1:colcon.colcon_core.package_identification:_identify(.) by extensions ['cmake', 'python']
[0.516s] Level 1:colcon.colcon_core.package_identification:_identify(.) by extension 'cmake'
[0.516s] Level 1:colcon.colcon_core.package_identification:_identify(.) by extension 'python'
[0.516s] Level 1:colcon.colcon_core.package_identification:_identify(.) by extensions ['python_setup_py']
[0.516s] Level 1:colcon.colcon_core.package_identification:_identify(.) by extension 'python_setup_py'
[0.516s] Level 1:colcon.colcon_core.package_identification:_identify(build) by extensions ['ignore', 'ignore_ament_install']
[0.516s] Level 1:colcon.colcon_core.package_identification:_identify(build) by extension 'ignore'
[0.516s] Level 1:colcon.colcon_core.package_identification:_identify(build) ignored
[0.516s] Level 1:colcon.colcon_core.package_identification:_identify(hyper_teleop) by extensions ['ignore', 'ignore_ament_install']
[0.516s] Level 1:colcon.colcon_core.package_identification:_identify(hyper_teleop) by extension 'ignore'
[0.516s] Level 1:colcon.colcon_core.package_identification:_identify(hyper_teleop) by extension 'ignore_ament_install'
[0.516s] Level 1:colcon.colcon_core.package_identification:_identify(hyper_teleop) by extensions ['colcon_pkg']
[0.516s] Level 1:colcon.colcon_core.package_identification:_identify(hyper_teleop) by extension 'colcon_pkg'
[0.516s] Level 1:colcon.colcon_core.package_identification:_identify(hyper_teleop) by extensions ['colcon_meta']
[0.516s] Level 1:colcon.colcon_core.package_identification:_identify(hyper_teleop) by extension 'colcon_meta'
[0.516s] Level 1:colcon.colcon_core.package_identification:_identify(hyper_teleop) by extensions ['ros']
[0.516s] Level 1:colcon.colcon_core.package_identification:_identify(hyper_teleop) by extension 'ros'
[0.519s] DEBUG:colcon.colcon_core.package_identification:Package 'hyper_teleop' with type 'ros.ament_python' and name 'hyper_teleop'
[0.519s] Level 1:colcon.colcon_core.package_identification:_identify(install) by extensions ['ignore', 'ignore_ament_install']
[0.519s] Level 1:colcon.colcon_core.package_identification:_identify(install) by extension 'ignore'
[0.519s] Level 1:colcon.colcon_core.package_identification:_identify(install) ignored
[0.519s] Level 1:colcon.colcon_core.package_identification:_identify(log) by extensions ['ignore', 'ignore_ament_install']
[0.520s] Level 1:colcon.colcon_core.package_identification:_identify(log) by extension 'ignore'
[0.520s] Level 1:colcon.colcon_core.package_identification:_identify(log) ignored
[0.520s] Level 1:colcon.colcon_core.package_discovery:discover_packages(recursive) using defaults
[0.520s] Level 1:colcon.colcon_core.package_discovery:discover_packages(ignore) discover
[0.520s] Level 1:colcon.colcon_core.package_discovery:discover_packages(ignore) using defaults
[0.520s] Level 1:colcon.colcon_core.package_discovery:discover_packages(path) discover
[0.520s] Level 1:colcon.colcon_core.package_discovery:discover_packages(path) using defaults
[0.547s] Level 1:colcon.colcon_core.package_discovery:discover_packages(prefix_path) check parameters
[0.547s] Level 1:colcon.colcon_core.package_discovery:discover_packages(prefix_path) discover
[0.559s] DEBUG:colcon.colcon_installed_package_information.package_discovery:Found 327 installed packages in /opt/ros/humble
[0.561s] Level 1:colcon.colcon_core.package_discovery:discover_packages(prefix_path) using defaults
[0.604s] Level 5:colcon.colcon_core.verb:set package 'hyper_teleop' build argument 'cmake_args' from command line to 'None'
[0.605s] Level 5:colcon.colcon_core.verb:set package 'hyper_teleop' build argument 'cmake_target' from command line to 'None'
[0.605s] Level 5:colcon.colcon_core.verb:set package 'hyper_teleop' build argument 'cmake_target_skip_unavailable' from command line to 'False'
[0.605s] Level 5:colcon.colcon_core.verb:set package 'hyper_teleop' build argument 'cmake_clean_cache' from command line to 'False'
[0.605s] Level 5:colcon.colcon_core.verb:set package 'hyper_teleop' build argument 'cmake_clean_first' from command line to 'False'
[0.605s] Level 5:colcon.colcon_core.verb:set package 'hyper_teleop' build argument 'cmake_force_configure' from command line to 'False'
[0.605s] Level 5:colcon.colcon_core.verb:set package 'hyper_teleop' build argument 'ament_cmake_args' from command line to 'None'
[0.605s] Level 5:colcon.colcon_core.verb:set package 'hyper_teleop' build argument 'catkin_cmake_args' from command line to 'None'
[0.605s] Level 5:colcon.colcon_core.verb:set package 'hyper_teleop' build argument 'catkin_skip_building_tests' from command line to 'False'
[0.605s] DEBUG:colcon.colcon_core.verb:Building package 'hyper_teleop' with the following arguments: {'ament_cmake_args': None, 'build_base': '/home/richi/hyper_teleop_ws/src/build/hyper_teleop', 'catkin_cmake_args': None, 'catkin_skip_building_tests': False, 'cmake_args': None, 'cmake_clean_cache': False, 'cmake_clean_first': False, 'cmake_force_configure': False, 'cmake_target': None, 'cmake_target_skip_unavailable': False, 'install_base': '/home/richi/hyper_teleop_ws/src/install/hyper_teleop', 'merge_install': False, 'path': '/home/richi/hyper_teleop_ws/src/hyper_teleop', 'symlink_install': False, 'test_result_base': None}
[0.605s] INFO:colcon.colcon_core.executor:Executing jobs using 'parallel' executor
[0.607s] DEBUG:colcon.colcon_parallel_executor.executor.parallel:run_until_complete
[0.607s] INFO:colcon.colcon_ros.task.ament_python.build:Building ROS package in '/home/richi/hyper_teleop_ws/src/hyper_teleop' with build type 'ament_python'
[0.607s] Level 1:colcon.colcon_core.shell:create_environment_hook('hyper_teleop', 'ament_prefix_path')
[0.612s] INFO:colcon.colcon_core.plugin_system:Skipping extension 'colcon_core.shell.bat': Not used on non-Windows systems
[0.612s] INFO:colcon.colcon_core.shell:Creating environment hook '/home/richi/hyper_teleop_ws/src/install/hyper_teleop/share/hyper_teleop/hook/ament_prefix_path.ps1'
[0.613s] INFO:colcon.colcon_core.shell:Creating environment descriptor '/home/richi/hyper_teleop_ws/src/install/hyper_teleop/share/hyper_teleop/hook/ament_prefix_path.dsv'
[0.614s] INFO:colcon.colcon_core.shell:Creating environment hook '/home/richi/hyper_teleop_ws/src/install/hyper_teleop/share/hyper_teleop/hook/ament_prefix_path.sh'
[0.614s] INFO:colcon.colcon_core.shell:Skip shell extension 'powershell' for command environment: Not usable outside of PowerShell
[0.614s] DEBUG:colcon.colcon_core.shell:Skip shell extension 'dsv' for command environment
[0.885s] INFO:colcon.colcon_core.task.python.build:Building Python package in '/home/richi/hyper_teleop_ws/src/hyper_teleop'
[0.885s] INFO:colcon.colcon_core.shell:Skip shell extension 'powershell' for command environment: Not usable outside of PowerShell
[0.885s] DEBUG:colcon.colcon_core.shell:Skip shell extension 'dsv' for command environment
[1.291s] DEBUG:colcon.colcon_core.event_handler.log_command:Invoking command in '/home/richi/hyper_teleop_ws/src/hyper_teleop': PYTHONPATH=/home/richi/hyper_teleop_ws/src/build/hyper_teleop/prefix_override:/usr/lib/python3/dist-packages/colcon_core/task/python/colcon_distutils_commands:/home/richi/hyper_teleop_ws/src/install/hyper_teleop/lib/python3.10/site-packages:${PYTHONPATH} /usr/bin/python3 -W ignore:setup.py install is deprecated -W ignore:easy_install command is deprecated setup.py egg_info --egg-base ../build/hyper_teleop build --build-base /home/richi/hyper_teleop_ws/src/build/hyper_teleop/build install --record /home/richi/hyper_teleop_ws/src/build/hyper_teleop/install.log --single-version-externally-managed install_data
[1.502s] DEBUG:colcon.colcon_core.event_handler.log_command:Invoked command in '/home/richi/hyper_teleop_ws/src/hyper_teleop' returned '0': PYTHONPATH=/home/richi/hyper_teleop_ws/src/build/hyper_teleop/prefix_override:/usr/lib/python3/dist-packages/colcon_core/task/python/colcon_distutils_commands:/home/richi/hyper_teleop_ws/src/install/hyper_teleop/lib/python3.10/site-packages:${PYTHONPATH} /usr/bin/python3 -W ignore:setup.py install is deprecated -W ignore:easy_install command is deprecated setup.py egg_info --egg-base ../build/hyper_teleop build --build-base /home/richi/hyper_teleop_ws/src/build/hyper_teleop/build install --record /home/richi/hyper_teleop_ws/src/build/hyper_teleop/install.log --single-version-externally-managed install_data
[1.505s] Level 1:colcon.colcon_core.environment:checking '/home/richi/hyper_teleop_ws/src/install/hyper_teleop' for CMake module files
[1.505s] Level 1:colcon.colcon_core.environment:checking '/home/richi/hyper_teleop_ws/src/install/hyper_teleop' for CMake config files
[1.506s] Level 1:colcon.colcon_core.environment:checking '/home/richi/hyper_teleop_ws/src/install/hyper_teleop/lib'
[1.506s] Level 1:colcon.colcon_core.environment:checking '/home/richi/hyper_teleop_ws/src/install/hyper_teleop/bin'
[1.506s] Level 1:colcon.colcon_core.environment:checking '/home/richi/hyper_teleop_ws/src/install/hyper_teleop/lib/pkgconfig/hyper_teleop.pc'
[1.506s] Level 1:colcon.colcon_core.environment:checking '/home/richi/hyper_teleop_ws/src/install/hyper_teleop/lib/python3.10/site-packages'
[1.506s] Level 1:colcon.colcon_core.shell:create_environment_hook('hyper_teleop', 'pythonpath')
[1.507s] INFO:colcon.colcon_core.shell:Creating environment hook '/home/richi/hyper_teleop_ws/src/install/hyper_teleop/share/hyper_teleop/hook/pythonpath.ps1'
[1.507s] INFO:colcon.colcon_core.shell:Creating environment descriptor '/home/richi/hyper_teleop_ws/src/install/hyper_teleop/share/hyper_teleop/hook/pythonpath.dsv'
[1.507s] INFO:colcon.colcon_core.shell:Creating environment hook '/home/richi/hyper_teleop_ws/src/install/hyper_teleop/share/hyper_teleop/hook/pythonpath.sh'
[1.507s] Level 1:colcon.colcon_core.environment:checking '/home/richi/hyper_teleop_ws/src/install/hyper_teleop/bin'
[1.507s] Level 1:colcon.colcon_core.environment:create_environment_scripts_only(hyper_teleop)
[1.508s] INFO:colcon.colcon_core.shell:Creating package script '/home/richi/hyper_teleop_ws/src/install/hyper_teleop/share/hyper_teleop/package.ps1'
[1.508s] INFO:colcon.colcon_core.shell:Creating package descriptor '/home/richi/hyper_teleop_ws/src/install/hyper_teleop/share/hyper_teleop/package.dsv'
[1.509s] INFO:colcon.colcon_core.shell:Creating package script '/home/richi/hyper_teleop_ws/src/install/hyper_teleop/share/hyper_teleop/package.sh'
[1.509s] INFO:colcon.colcon_core.shell:Creating package script '/home/richi/hyper_teleop_ws/src/install/hyper_teleop/share/hyper_teleop/package.bash'
[1.510s] INFO:colcon.colcon_core.shell:Creating package script '/home/richi/hyper_teleop_ws/src/install/hyper_teleop/share/hyper_teleop/package.zsh'
[1.511s] Level 1:colcon.colcon_core.environment:create_file_with_runtime_dependencies(/home/richi/hyper_teleop_ws/src/install/hyper_teleop/share/colcon-core/packages/hyper_teleop)
[1.511s] DEBUG:colcon.colcon_parallel_executor.executor.parallel:closing loop
[1.511s] DEBUG:colcon.colcon_parallel_executor.executor.parallel:loop closed
[1.511s] DEBUG:colcon.colcon_parallel_executor.executor.parallel:run_until_complete finished with '0'
[1.511s] DEBUG:colcon.colcon_core.event_reactor:joining thread
[1.516s] INFO:colcon.colcon_core.plugin_system:Skipping extension 'colcon_notification.desktop_notification.terminal_notifier': Not used on non-Darwin systems
[1.516s] INFO:colcon.colcon_core.plugin_system:Skipping extension 'colcon_notification.desktop_notification.win32': Not used on non-Windows systems
[1.516s] INFO:colcon.colcon_notification.desktop_notification:Sending desktop notification using 'notify2'
[1.526s] DEBUG:colcon.colcon_core.event_reactor:joined thread
[1.526s] INFO:colcon.colcon_core.shell:Creating prefix script '/home/richi/hyper_teleop_ws/src/install/local_setup.ps1'
[1.527s] INFO:colcon.colcon_core.shell:Creating prefix util module '/home/richi/hyper_teleop_ws/src/install/_local_setup_util_ps1.py'
[1.528s] INFO:colcon.colcon_core.shell:Creating prefix chain script '/home/richi/hyper_teleop_ws/src/install/setup.ps1'
[1.529s] INFO:colcon.colcon_core.shell:Creating prefix script '/home/richi/hyper_teleop_ws/src/install/local_setup.sh'
[1.529s] INFO:colcon.colcon_core.shell:Creating prefix util module '/home/richi/hyper_teleop_ws/src/install/_local_setup_util_sh.py'
[1.530s] INFO:colcon.colcon_core.shell:Creating prefix chain script '/home/richi/hyper_teleop_ws/src/install/setup.sh'
[1.530s] INFO:colcon.colcon_core.shell:Creating prefix script '/home/richi/hyper_teleop_ws/src/install/local_setup.bash'
[1.531s] INFO:colcon.colcon_core.shell:Creating prefix chain script '/home/richi/hyper_teleop_ws/src/install/setup.bash'
[1.531s] INFO:colcon.colcon_core.shell:Creating prefix script '/home/richi/hyper_teleop_ws/src/install/local_setup.zsh'
[1.532s] INFO:colcon.colcon_core.shell:Creating prefix chain script '/home/richi/hyper_teleop_ws/src/install/setup.zsh'
