/home/richi/hyper_teleop_ws/src/install/hyper_teleop/lib/python3.10/site-packages/hyper_teleop/teleop_chimbo.py
/home/richi/hyper_teleop_ws/src/install/hyper_teleop/lib/python3.10/site-packages/hyper_teleop/teleop_node_limited.py
/home/richi/hyper_teleop_ws/src/install/hyper_teleop/lib/python3.10/site-packages/hyper_teleop/__init__.py
/home/richi/hyper_teleop_ws/src/install/hyper_teleop/lib/python3.10/site-packages/hyper_teleop/bridge_sus.py
/home/richi/hyper_teleop_ws/src/install/hyper_teleop/lib/python3.10/site-packages/hyper_teleop/__pycache__/teleop_chimbo.cpython-310.pyc
/home/richi/hyper_teleop_ws/src/install/hyper_teleop/lib/python3.10/site-packages/hyper_teleop/__pycache__/teleop_node_limited.cpython-310.pyc
/home/richi/hyper_teleop_ws/src/install/hyper_teleop/lib/python3.10/site-packages/hyper_teleop/__pycache__/__init__.cpython-310.pyc
/home/richi/hyper_teleop_ws/src/install/hyper_teleop/lib/python3.10/site-packages/hyper_teleop/__pycache__/bridge_sus.cpython-310.pyc
/home/richi/hyper_teleop_ws/src/install/hyper_teleop/share/ament_index/resource_index/packages/hyper_teleop
/home/richi/hyper_teleop_ws/src/install/hyper_teleop/share/hyper_teleop/package.xml
/home/richi/hyper_teleop_ws/src/install/hyper_teleop/share/hyper_teleop/launch/hyper.launch.py
/home/richi/hyper_teleop_ws/src/install/hyper_teleop/share/hyper_teleop/config/teleop_params.yaml
/home/richi/hyper_teleop_ws/src/install/hyper_teleop/share/hyper_teleop/urdf/salvavidas.urdf
/home/richi/hyper_teleop_ws/src/install/hyper_teleop/share/hyper_teleop/worlds/flat_world.sdf
/home/richi/hyper_teleop_ws/src/install/hyper_teleop/share/hyper_teleop/worlds/piscina_world.sdf
/home/richi/hyper_teleop_ws/src/install/hyper_teleop/share/hyper_teleop/rviz/teleop_rviz.rviz
/home/richi/hyper_teleop_ws/src/install/hyper_teleop/share/hyper_teleop/meshes/turbina_right.STL
/home/richi/hyper_teleop_ws/src/install/hyper_teleop/share/hyper_teleop/meshes/turbina_left.STL
/home/richi/hyper_teleop_ws/src/install/hyper_teleop/share/hyper_teleop/meshes/base_link.STL
/home/richi/hyper_teleop_ws/src/install/hyper_teleop/lib/python3.10/site-packages/hyper_teleop-0.0.1-py3.10.egg-info/requires.txt
/home/richi/hyper_teleop_ws/src/install/hyper_teleop/lib/python3.10/site-packages/hyper_teleop-0.0.1-py3.10.egg-info/PKG-INFO
/home/richi/hyper_teleop_ws/src/install/hyper_teleop/lib/python3.10/site-packages/hyper_teleop-0.0.1-py3.10.egg-info/dependency_links.txt
/home/richi/hyper_teleop_ws/src/install/hyper_teleop/lib/python3.10/site-packages/hyper_teleop-0.0.1-py3.10.egg-info/SOURCES.txt
/home/richi/hyper_teleop_ws/src/install/hyper_teleop/lib/python3.10/site-packages/hyper_teleop-0.0.1-py3.10.egg-info/top_level.txt
/home/richi/hyper_teleop_ws/src/install/hyper_teleop/lib/python3.10/site-packages/hyper_teleop-0.0.1-py3.10.egg-info/zip-safe
/home/richi/hyper_teleop_ws/src/install/hyper_teleop/lib/python3.10/site-packages/hyper_teleop-0.0.1-py3.10.egg-info/entry_points.txt
/home/richi/hyper_teleop_ws/src/install/hyper_teleop/lib/hyper_teleop/bridge_sus
/home/richi/hyper_teleop_ws/src/install/hyper_teleop/lib/hyper_teleop/teleop_chimbo
