[0.663s] Invoking command in '/home/richi/hyper_teleop_ws/src/hyper_teleop': PYTHONPATH=/home/richi/hyper_teleop_ws/src/build/hyper_teleop/prefix_override:/usr/lib/python3/dist-packages/colcon_core/task/python/colcon_distutils_commands:/home/richi/hyper_teleop_ws/src/install/hyper_teleop/lib/python3.10/site-packages:${PYTHONPATH} /usr/bin/python3 -W ignore:setup.py install is deprecated -W ignore:easy_install command is deprecated setup.py egg_info --egg-base ../build/hyper_teleop build --build-base /home/richi/hyper_teleop_ws/src/build/hyper_teleop/build install --record /home/richi/hyper_teleop_ws/src/build/hyper_teleop/install.log --single-version-externally-managed install_data
[0.916s] running egg_info
[0.916s] writing ../build/hyper_teleop/hyper_teleop.egg-info/PKG-INFO
[0.917s] writing dependency_links to ../build/hyper_teleop/hyper_teleop.egg-info/dependency_links.txt
[0.917s] writing entry points to ../build/hyper_teleop/hyper_teleop.egg-info/entry_points.txt
[0.917s] writing requirements to ../build/hyper_teleop/hyper_teleop.egg-info/requires.txt
[0.917s] writing top-level names to ../build/hyper_teleop/hyper_teleop.egg-info/top_level.txt
[0.919s] reading manifest file '../build/hyper_teleop/hyper_teleop.egg-info/SOURCES.txt'
[0.920s] writing manifest file '../build/hyper_teleop/hyper_teleop.egg-info/SOURCES.txt'
[0.920s] running build
[0.920s] running build_py
[0.920s] copying hyper_teleop/bridge_sus.py -> /home/richi/hyper_teleop_ws/src/build/hyper_teleop/build/lib/hyper_teleop
[0.920s] running install
[0.921s] running install_lib
[0.922s] copying /home/richi/hyper_teleop_ws/src/build/hyper_teleop/build/lib/hyper_teleop/bridge_sus.py -> /home/richi/hyper_teleop_ws/src/install/hyper_teleop/lib/python3.10/site-packages/hyper_teleop
[0.922s] byte-compiling /home/richi/hyper_teleop_ws/src/install/hyper_teleop/lib/python3.10/site-packages/hyper_teleop/bridge_sus.py to bridge_sus.cpython-310.pyc
[0.924s] running install_data
[0.924s] running install_egg_info
[0.927s] removing '/home/richi/hyper_teleop_ws/src/install/hyper_teleop/lib/python3.10/site-packages/hyper_teleop-0.0.1-py3.10.egg-info' (and everything under it)
[0.927s] Copying ../build/hyper_teleop/hyper_teleop.egg-info to /home/richi/hyper_teleop_ws/src/install/hyper_teleop/lib/python3.10/site-packages/hyper_teleop-0.0.1-py3.10.egg-info
[0.928s] running install_scripts
[0.949s] Installing bridge_sus script to /home/richi/hyper_teleop_ws/src/install/hyper_teleop/lib/hyper_teleop
[0.950s] Installing teleop_chimbo script to /home/richi/hyper_teleop_ws/src/install/hyper_teleop/lib/hyper_teleop
[0.950s] writing list of installed files to '/home/richi/hyper_teleop_ws/src/build/hyper_teleop/install.log'
[0.976s] Invoked command in '/home/richi/hyper_teleop_ws/src/hyper_teleop' returned '0': PYTHONPATH=/home/richi/hyper_teleop_ws/src/build/hyper_teleop/prefix_override:/usr/lib/python3/dist-packages/colcon_core/task/python/colcon_distutils_commands:/home/richi/hyper_teleop_ws/src/install/hyper_teleop/lib/python3.10/site-packages:${PYTHONPATH} /usr/bin/python3 -W ignore:setup.py install is deprecated -W ignore:easy_install command is deprecated setup.py egg_info --egg-base ../build/hyper_teleop build --build-base /home/richi/hyper_teleop_ws/src/build/hyper_teleop/build install --record /home/richi/hyper_teleop_ws/src/build/hyper_teleop/install.log --single-version-externally-managed install_data
