[0.699s] Invoking command in '/home/richi/hyper_teleop_ws/src/hyper_teleop': PYTHONPATH=/home/richi/hyper_teleop_ws/build/hyper_teleop/prefix_override:/usr/lib/python3/dist-packages/colcon_core/task/python/colcon_distutils_commands:/home/richi/hyper_teleop_ws/install/hyper_teleop/lib/python3.10/site-packages:${PYTHONPATH} /usr/bin/python3 -W ignore:setup.py install is deprecated -W ignore:easy_install command is deprecated setup.py egg_info --egg-base ../../build/hyper_teleop build --build-base /home/richi/hyper_teleop_ws/build/hyper_teleop/build install --record /home/richi/hyper_teleop_ws/build/hyper_teleop/install.log --single-version-externally-managed install_data
[0.863s] running egg_info
[0.863s] writing ../../build/hyper_teleop/hyper_teleop.egg-info/PKG-INFO
[0.868s] writing dependency_links to ../../build/hyper_teleop/hyper_teleop.egg-info/dependency_links.txt
[0.869s] writing entry points to ../../build/hyper_teleop/hyper_teleop.egg-info/entry_points.txt
[0.869s] writing requirements to ../../build/hyper_teleop/hyper_teleop.egg-info/requires.txt
[0.869s] writing top-level names to ../../build/hyper_teleop/hyper_teleop.egg-info/top_level.txt
[0.870s] reading manifest file '../../build/hyper_teleop/hyper_teleop.egg-info/SOURCES.txt'
[0.871s] writing manifest file '../../build/hyper_teleop/hyper_teleop.egg-info/SOURCES.txt'
[0.872s] running build
[0.872s] running build_py
[0.872s] running install
[0.872s] running install_lib
[0.873s] running install_data
[0.875s] running install_egg_info
[0.876s] removing '/home/richi/hyper_teleop_ws/install/hyper_teleop/lib/python3.10/site-packages/hyper_teleop-0.0.1-py3.10.egg-info' (and everything under it)
[0.876s] Copying ../../build/hyper_teleop/hyper_teleop.egg-info to /home/richi/hyper_teleop_ws/install/hyper_teleop/lib/python3.10/site-packages/hyper_teleop-0.0.1-py3.10.egg-info
[0.877s] running install_scripts
[0.890s] Installing bridge_sus script to /home/richi/hyper_teleop_ws/install/hyper_teleop/lib/hyper_teleop
[0.890s] Installing teleop_chimbo script to /home/richi/hyper_teleop_ws/install/hyper_teleop/lib/hyper_teleop
[0.891s] writing list of installed files to '/home/richi/hyper_teleop_ws/build/hyper_teleop/install.log'
[0.909s] Invoked command in '/home/richi/hyper_teleop_ws/src/hyper_teleop' returned '0': PYTHONPATH=/home/richi/hyper_teleop_ws/build/hyper_teleop/prefix_override:/usr/lib/python3/dist-packages/colcon_core/task/python/colcon_distutils_commands:/home/richi/hyper_teleop_ws/install/hyper_teleop/lib/python3.10/site-packages:${PYTHONPATH} /usr/bin/python3 -W ignore:setup.py install is deprecated -W ignore:easy_install command is deprecated setup.py egg_info --egg-base ../../build/hyper_teleop build --build-base /home/richi/hyper_teleop_ws/build/hyper_teleop/build install --record /home/richi/hyper_teleop_ws/build/hyper_teleop/install.log --single-version-externally-managed install_data
